0 info it worked if it ends with ok
1 verbose cli [ 'C:\\Program Files\\nodejs\\node.exe',
1 verbose cli   'C:\\Program Files\\nodejs\\node_modules\\npm\\bin\\npm-cli.js',
1 verbose cli   'install',
1 verbose cli   'onoff' ]
2 info using npm@3.10.8
3 info using node@v6.9.1
4 silly loadCurrentTree Starting
5 silly install loadCurrentTree
6 silly install readLocalPackageData
7 silly fetchPackageMetaData onoff
8 silly fetchNamedPackageData onoff
9 silly mapToRegistry name onoff
10 silly mapToRegistry using default registry
11 silly mapToRegistry registry https://registry.npmjs.org/
12 silly mapToRegistry data Result {
12 silly mapToRegistry   raw: 'onoff',
12 silly mapToRegistry   scope: null,
12 silly mapToRegistry   escapedName: 'onoff',
12 silly mapToRegistry   name: 'onoff',
12 silly mapToRegistry   rawSpec: '',
12 silly mapToRegistry   spec: 'latest',
12 silly mapToRegistry   type: 'tag' }
13 silly mapToRegistry uri https://registry.npmjs.org/onoff
14 verbose request uri https://registry.npmjs.org/onoff
15 verbose request no auth needed
16 info attempt registry request try #1 at 12:51:21
17 verbose request id 4a364cc0262ef990
18 http request GET https://registry.npmjs.org/onoff
19 http 200 https://registry.npmjs.org/onoff
20 verbose headers { server: 'nginx/1.10.1',
20 verbose headers   'content-type': 'application/json',
20 verbose headers   'last-modified': 'Mon, 18 Sep 2017 13:56:21 GMT',
20 verbose headers   etag: 'W/"59bfd085-c2ae"',
20 verbose headers   'content-encoding': 'gzip',
20 verbose headers   'cache-control': 'max-age=300',
20 verbose headers   'content-length': '9102',
20 verbose headers   'accept-ranges': 'bytes',
20 verbose headers   date: 'Wed, 20 Sep 2017 10:51:16 GMT',
20 verbose headers   via: '1.1 varnish',
20 verbose headers   age: '0',
20 verbose headers   connection: 'keep-alive',
20 verbose headers   'x-served-by': 'cache-bma7029-BMA',
20 verbose headers   'x-cache': 'MISS',
20 verbose headers   'x-cache-hits': '0',
20 verbose headers   'x-timer': 'S1505904676.641468,VS0,VE492',
20 verbose headers   vary: 'Accept-Encoding, Accept' }
21 silly get cb [ 200,
21 silly get   { server: 'nginx/1.10.1',
21 silly get     'content-type': 'application/json',
21 silly get     'last-modified': 'Mon, 18 Sep 2017 13:56:21 GMT',
21 silly get     etag: 'W/"59bfd085-c2ae"',
21 silly get     'content-encoding': 'gzip',
21 silly get     'cache-control': 'max-age=300',
21 silly get     'content-length': '9102',
21 silly get     'accept-ranges': 'bytes',
21 silly get     date: 'Wed, 20 Sep 2017 10:51:16 GMT',
21 silly get     via: '1.1 varnish',
21 silly get     age: '0',
21 silly get     connection: 'keep-alive',
21 silly get     'x-served-by': 'cache-bma7029-BMA',
21 silly get     'x-cache': 'MISS',
21 silly get     'x-cache-hits': '0',
21 silly get     'x-timer': 'S1505904676.641468,VS0,VE492',
21 silly get     vary: 'Accept-Encoding, Accept' } ]
22 verbose get saving onoff to C:\Users\Sine\AppData\Roaming\npm-cache\registry.npmjs.org\onoff\.cache.json
23 verbose correctMkdir C:\Users\Sine\AppData\Roaming\npm-cache correctMkdir not in flight; initializing
24 silly install normalizeTree
25 silly loadCurrentTree Finishing
26 silly loadIdealTree Starting
27 silly install loadIdealTree
28 silly cloneCurrentTree Starting
29 silly install cloneCurrentTreeToIdealTree
30 silly cloneCurrentTree Finishing
31 silly loadShrinkwrap Starting
32 silly install loadShrinkwrap
33 silly loadShrinkwrap Finishing
34 silly loadAllDepsIntoIdealTree Starting
35 silly install loadAllDepsIntoIdealTree
36 silly resolveWithNewModule onoff@1.1.7 checking installable status
37 silly cache add args [ 'onoff', null ]
38 verbose cache add spec onoff
39 silly cache add parsed spec Result {
39 silly cache add   raw: 'onoff',
39 silly cache add   scope: null,
39 silly cache add   escapedName: 'onoff',
39 silly cache add   name: 'onoff',
39 silly cache add   rawSpec: '',
39 silly cache add   spec: 'latest',
39 silly cache add   type: 'tag' }
40 silly addNamed onoff@latest
41 verbose addNamed "latest" is being treated as a dist-tag for onoff
42 info addNameTag [ 'onoff', 'latest' ]
43 silly mapToRegistry name onoff
44 silly mapToRegistry using default registry
45 silly mapToRegistry registry https://registry.npmjs.org/
46 silly mapToRegistry data Result {
46 silly mapToRegistry   raw: 'onoff',
46 silly mapToRegistry   scope: null,
46 silly mapToRegistry   escapedName: 'onoff',
46 silly mapToRegistry   name: 'onoff',
46 silly mapToRegistry   rawSpec: '',
46 silly mapToRegistry   spec: 'latest',
46 silly mapToRegistry   type: 'tag' }
47 silly mapToRegistry uri https://registry.npmjs.org/onoff
48 verbose addNameTag registry:https://registry.npmjs.org/onoff not in flight; fetching
49 verbose get https://registry.npmjs.org/onoff not expired, no request
50 silly addNameTag next cb for onoff with tag latest
51 silly addNamed onoff@1.1.7
52 verbose addNamed "1.1.7" is a plain semver version for onoff
53 silly mapToRegistry name onoff
54 silly mapToRegistry using default registry
55 silly mapToRegistry registry https://registry.npmjs.org/
56 silly mapToRegistry data Result {
56 silly mapToRegistry   raw: 'onoff',
56 silly mapToRegistry   scope: null,
56 silly mapToRegistry   escapedName: 'onoff',
56 silly mapToRegistry   name: 'onoff',
56 silly mapToRegistry   rawSpec: '',
56 silly mapToRegistry   spec: 'latest',
56 silly mapToRegistry   type: 'tag' }
57 silly mapToRegistry uri https://registry.npmjs.org/onoff
58 verbose addRemoteTarball https://registry.npmjs.org/onoff/-/onoff-1.1.7.tgz not in flight; adding
59 verbose addRemoteTarball [ 'https://registry.npmjs.org/onoff/-/onoff-1.1.7.tgz',
59 verbose addRemoteTarball   '91928795bcb5e902fe7551bd7bb2551d9ba76482' ]
60 info retry fetch attempt 1 at 12:51:22
61 info attempt registry request try #1 at 12:51:22
62 http fetch GET https://registry.npmjs.org/onoff/-/onoff-1.1.7.tgz
63 http fetch 200 https://registry.npmjs.org/onoff/-/onoff-1.1.7.tgz
64 silly fetchAndShaCheck shasum 91928795bcb5e902fe7551bd7bb2551d9ba76482
65 verbose addTmpTarball C:\Users\Sine\AppData\Local\Temp\npm-4172-f0fa2d83\registry.npmjs.org\onoff\-\onoff-1.1.7.tgz not in flight; adding
66 verbose addTmpTarball already have metadata; skipping unpack for onoff@1.1.7
67 verbose correctMkdir C:\Users\Sine\AppData\Roaming\npm-cache correctMkdir not in flight; initializing
68 silly cache afterAdd onoff@1.1.7
69 verbose afterAdd C:\Users\Sine\AppData\Roaming\npm-cache\onoff\1.1.7\package\package.json not in flight; writing
70 verbose correctMkdir C:\Users\Sine\AppData\Roaming\npm-cache correctMkdir not in flight; initializing
71 verbose afterAdd C:\Users\Sine\AppData\Roaming\npm-cache\onoff\1.1.7\package\package.json written
72 silly fetchNamedPackageData epoll
73 silly mapToRegistry name epoll
74 silly mapToRegistry using default registry
75 silly mapToRegistry registry https://registry.npmjs.org/
76 silly mapToRegistry data Result {
76 silly mapToRegistry   raw: 'epoll',
76 silly mapToRegistry   scope: null,
76 silly mapToRegistry   escapedName: 'epoll',
76 silly mapToRegistry   name: 'epoll',
76 silly mapToRegistry   rawSpec: '',
76 silly mapToRegistry   spec: 'latest',
76 silly mapToRegistry   type: 'tag' }
77 silly mapToRegistry uri https://registry.npmjs.org/epoll
78 verbose request uri https://registry.npmjs.org/epoll
79 verbose request no auth needed
80 info attempt registry request try #1 at 12:51:23
81 verbose etag W/"5946ce5e-a8cf"
82 verbose lastModified Sun, 18 Jun 2017 19:02:54 GMT
83 http request GET https://registry.npmjs.org/epoll
84 http 304 https://registry.npmjs.org/epoll
85 verbose headers { date: 'Wed, 20 Sep 2017 10:51:16 GMT',
85 verbose headers   via: '1.1 varnish',
85 verbose headers   'cache-control': 'max-age=300',
85 verbose headers   etag: 'W/"5946ce5e-a8cf"',
85 verbose headers   age: '249',
85 verbose headers   connection: 'keep-alive',
85 verbose headers   'x-served-by': 'cache-bma7029-BMA',
85 verbose headers   'x-cache': 'HIT',
85 verbose headers   'x-cache-hits': '1',
85 verbose headers   'x-timer': 'S1505904677.954530,VS0,VE0',
85 verbose headers   vary: 'Accept-Encoding, Accept' }
86 silly get cb [ 304,
86 silly get   { date: 'Wed, 20 Sep 2017 10:51:16 GMT',
86 silly get     via: '1.1 varnish',
86 silly get     'cache-control': 'max-age=300',
86 silly get     etag: 'W/"5946ce5e-a8cf"',
86 silly get     age: '249',
86 silly get     connection: 'keep-alive',
86 silly get     'x-served-by': 'cache-bma7029-BMA',
86 silly get     'x-cache': 'HIT',
86 silly get     'x-cache-hits': '1',
86 silly get     'x-timer': 'S1505904677.954530,VS0,VE0',
86 silly get     vary: 'Accept-Encoding, Accept' } ]
87 verbose etag https://registry.npmjs.org/epoll from cache
88 verbose get saving epoll to C:\Users\Sine\AppData\Roaming\npm-cache\registry.npmjs.org\epoll\.cache.json
89 verbose correctMkdir C:\Users\Sine\AppData\Roaming\npm-cache correctMkdir not in flight; initializing
90 silly resolveWithNewModule epoll@0.1.22 checking installable status
91 silly cache add args [ 'epoll@~0.1.22', null ]
92 verbose cache add spec epoll@~0.1.22
93 silly cache add parsed spec Result {
93 silly cache add   raw: 'epoll@~0.1.22',
93 silly cache add   scope: null,
93 silly cache add   escapedName: 'epoll',
93 silly cache add   name: 'epoll',
93 silly cache add   rawSpec: '~0.1.22',
93 silly cache add   spec: '>=0.1.22 <0.2.0',
93 silly cache add   type: 'range' }
94 silly addNamed epoll@>=0.1.22 <0.2.0
95 verbose addNamed ">=0.1.22 <0.2.0" is a valid semver range for epoll
96 silly addNameRange { name: 'epoll', range: '>=0.1.22 <0.2.0', hasData: false }
97 silly mapToRegistry name epoll
98 silly mapToRegistry using default registry
99 silly mapToRegistry registry https://registry.npmjs.org/
100 silly mapToRegistry data Result {
100 silly mapToRegistry   raw: 'epoll',
100 silly mapToRegistry   scope: null,
100 silly mapToRegistry   escapedName: 'epoll',
100 silly mapToRegistry   name: 'epoll',
100 silly mapToRegistry   rawSpec: '',
100 silly mapToRegistry   spec: 'latest',
100 silly mapToRegistry   type: 'tag' }
101 silly mapToRegistry uri https://registry.npmjs.org/epoll
102 verbose addNameRange registry:https://registry.npmjs.org/epoll not in flight; fetching
103 verbose get https://registry.npmjs.org/epoll not expired, no request
104 silly addNameRange number 2 { name: 'epoll', range: '>=0.1.22 <0.2.0', hasData: true }
105 silly addNameRange versions [ 'epoll',
105 silly addNameRange   [ '0.0.1',
105 silly addNameRange     '0.0.2',
105 silly addNameRange     '0.0.3',
105 silly addNameRange     '0.0.4',
105 silly addNameRange     '0.0.5',
105 silly addNameRange     '0.0.6',
105 silly addNameRange     '0.0.7',
105 silly addNameRange     '0.0.8',
105 silly addNameRange     '0.1.0',
105 silly addNameRange     '0.1.1',
105 silly addNameRange     '0.1.2',
105 silly addNameRange     '0.1.3',
105 silly addNameRange     '0.1.4',
105 silly addNameRange     '0.1.5',
105 silly addNameRange     '0.1.7',
105 silly addNameRange     '0.1.8',
105 silly addNameRange     '0.1.9',
105 silly addNameRange     '0.1.10',
105 silly addNameRange     '0.1.11',
105 silly addNameRange     '0.1.12',
105 silly addNameRange     '0.1.13',
105 silly addNameRange     '0.1.14',
105 silly addNameRange     '0.1.15',
105 silly addNameRange     '0.1.16',
105 silly addNameRange     '0.1.17',
105 silly addNameRange     '0.1.18',
105 silly addNameRange     '0.1.19',
105 silly addNameRange     '0.1.20',
105 silly addNameRange     '0.1.21',
105 silly addNameRange     '0.1.22' ] ]
106 silly addNamed epoll@0.1.22
107 verbose addNamed "0.1.22" is a plain semver version for epoll
108 silly cache afterAdd epoll@0.1.22
109 verbose afterAdd C:\Users\Sine\AppData\Roaming\npm-cache\epoll\0.1.22\package\package.json not in flight; writing
110 verbose correctMkdir C:\Users\Sine\AppData\Roaming\npm-cache correctMkdir not in flight; initializing
111 verbose afterAdd C:\Users\Sine\AppData\Roaming\npm-cache\epoll\0.1.22\package\package.json written
112 silly fetchNamedPackageData bindings
113 silly mapToRegistry name bindings
114 silly mapToRegistry using default registry
115 silly mapToRegistry registry https://registry.npmjs.org/
116 silly mapToRegistry data Result {
116 silly mapToRegistry   raw: 'bindings',
116 silly mapToRegistry   scope: null,
116 silly mapToRegistry   escapedName: 'bindings',
116 silly mapToRegistry   name: 'bindings',
116 silly mapToRegistry   rawSpec: '',
116 silly mapToRegistry   spec: 'latest',
116 silly mapToRegistry   type: 'tag' }
117 silly mapToRegistry uri https://registry.npmjs.org/bindings
118 silly fetchNamedPackageData nan
119 silly mapToRegistry name nan
120 silly mapToRegistry using default registry
121 silly mapToRegistry registry https://registry.npmjs.org/
122 silly mapToRegistry data Result {
122 silly mapToRegistry   raw: 'nan',
122 silly mapToRegistry   scope: null,
122 silly mapToRegistry   escapedName: 'nan',
122 silly mapToRegistry   name: 'nan',
122 silly mapToRegistry   rawSpec: '',
122 silly mapToRegistry   spec: 'latest',
122 silly mapToRegistry   type: 'tag' }
123 silly mapToRegistry uri https://registry.npmjs.org/nan
124 verbose request uri https://registry.npmjs.org/bindings
125 verbose request no auth needed
126 info attempt registry request try #1 at 12:51:23
127 verbose etag W/"59b28ad4-4c18"
128 verbose lastModified Fri, 08 Sep 2017 12:19:32 GMT
129 http request GET https://registry.npmjs.org/bindings
130 verbose request uri https://registry.npmjs.org/nan
131 verbose request no auth needed
132 info attempt registry request try #1 at 12:51:23
133 verbose etag W/"59a60a0b-20228"
134 verbose lastModified Wed, 30 Aug 2017 00:42:51 GMT
135 http request GET https://registry.npmjs.org/nan
136 http 304 https://registry.npmjs.org/bindings
137 verbose headers { date: 'Wed, 20 Sep 2017 10:51:17 GMT',
137 verbose headers   via: '1.1 varnish',
137 verbose headers   'cache-control': 'max-age=300',
137 verbose headers   etag: 'W/"59b28ad4-4c18"',
137 verbose headers   age: '50',
137 verbose headers   connection: 'keep-alive',
137 verbose headers   'x-served-by': 'cache-bma7029-BMA',
137 verbose headers   'x-cache': 'HIT',
137 verbose headers   'x-cache-hits': '1',
137 verbose headers   'x-timer': 'S1505904677.079158,VS0,VE1',
137 verbose headers   vary: 'Accept-Encoding, Accept' }
138 silly get cb [ 304,
138 silly get   { date: 'Wed, 20 Sep 2017 10:51:17 GMT',
138 silly get     via: '1.1 varnish',
138 silly get     'cache-control': 'max-age=300',
138 silly get     etag: 'W/"59b28ad4-4c18"',
138 silly get     age: '50',
138 silly get     connection: 'keep-alive',
138 silly get     'x-served-by': 'cache-bma7029-BMA',
138 silly get     'x-cache': 'HIT',
138 silly get     'x-cache-hits': '1',
138 silly get     'x-timer': 'S1505904677.079158,VS0,VE1',
138 silly get     vary: 'Accept-Encoding, Accept' } ]
139 verbose etag https://registry.npmjs.org/bindings from cache
140 verbose get saving bindings to C:\Users\Sine\AppData\Roaming\npm-cache\registry.npmjs.org\bindings\.cache.json
141 verbose correctMkdir C:\Users\Sine\AppData\Roaming\npm-cache correctMkdir not in flight; initializing
142 silly resolveWithNewModule bindings@1.2.1 checking installable status
143 silly cache add args [ 'bindings@~1.2.1', null ]
144 verbose cache add spec bindings@~1.2.1
145 silly cache add parsed spec Result {
145 silly cache add   raw: 'bindings@~1.2.1',
145 silly cache add   scope: null,
145 silly cache add   escapedName: 'bindings',
145 silly cache add   name: 'bindings',
145 silly cache add   rawSpec: '~1.2.1',
145 silly cache add   spec: '>=1.2.1 <1.3.0',
145 silly cache add   type: 'range' }
146 silly addNamed bindings@>=1.2.1 <1.3.0
147 verbose addNamed ">=1.2.1 <1.3.0" is a valid semver range for bindings
148 silly addNameRange { name: 'bindings', range: '>=1.2.1 <1.3.0', hasData: false }
149 silly mapToRegistry name bindings
150 silly mapToRegistry using default registry
151 silly mapToRegistry registry https://registry.npmjs.org/
152 silly mapToRegistry data Result {
152 silly mapToRegistry   raw: 'bindings',
152 silly mapToRegistry   scope: null,
152 silly mapToRegistry   escapedName: 'bindings',
152 silly mapToRegistry   name: 'bindings',
152 silly mapToRegistry   rawSpec: '',
152 silly mapToRegistry   spec: 'latest',
152 silly mapToRegistry   type: 'tag' }
153 silly mapToRegistry uri https://registry.npmjs.org/bindings
154 verbose addNameRange registry:https://registry.npmjs.org/bindings not in flight; fetching
155 verbose get https://registry.npmjs.org/bindings not expired, no request
156 silly addNameRange number 2 { name: 'bindings', range: '>=1.2.1 <1.3.0', hasData: true }
157 silly addNameRange versions [ 'bindings',
157 silly addNameRange   [ '0.0.1',
157 silly addNameRange     '0.1.0',
157 silly addNameRange     '0.1.1',
157 silly addNameRange     '0.2.0',
157 silly addNameRange     '0.2.1',
157 silly addNameRange     '0.2.2',
157 silly addNameRange     '0.2.3',
157 silly addNameRange     '0.2.4',
157 silly addNameRange     '0.3.0',
157 silly addNameRange     '0.4.0',
157 silly addNameRange     '1.0.0',
157 silly addNameRange     '1.1.0',
157 silly addNameRange     '1.1.1',
157 silly addNameRange     '1.2.0',
157 silly addNameRange     '1.2.1',
157 silly addNameRange     '1.3.0' ] ]
158 silly addNamed bindings@1.2.1
159 verbose addNamed "1.2.1" is a plain semver version for bindings
160 silly cache afterAdd bindings@1.2.1
161 verbose afterAdd C:\Users\Sine\AppData\Roaming\npm-cache\bindings\1.2.1\package\package.json not in flight; writing
162 verbose correctMkdir C:\Users\Sine\AppData\Roaming\npm-cache correctMkdir not in flight; initializing
163 verbose afterAdd C:\Users\Sine\AppData\Roaming\npm-cache\bindings\1.2.1\package\package.json written
164 http 304 https://registry.npmjs.org/nan
165 verbose headers { date: 'Wed, 20 Sep 2017 10:51:17 GMT',
165 verbose headers   via: '1.1 varnish',
165 verbose headers   'cache-control': 'max-age=300',
165 verbose headers   etag: 'W/"59a60a0b-20228"',
165 verbose headers   age: '220',
165 verbose headers   connection: 'keep-alive',
165 verbose headers   'x-served-by': 'cache-bma7026-BMA',
165 verbose headers   'x-cache': 'HIT',
165 verbose headers   'x-cache-hits': '5',
165 verbose headers   'x-timer': 'S1505904677.137788,VS0,VE0',
165 verbose headers   vary: 'Accept-Encoding, Accept' }
166 silly get cb [ 304,
166 silly get   { date: 'Wed, 20 Sep 2017 10:51:17 GMT',
166 silly get     via: '1.1 varnish',
166 silly get     'cache-control': 'max-age=300',
166 silly get     etag: 'W/"59a60a0b-20228"',
166 silly get     age: '220',
166 silly get     connection: 'keep-alive',
166 silly get     'x-served-by': 'cache-bma7026-BMA',
166 silly get     'x-cache': 'HIT',
166 silly get     'x-cache-hits': '5',
166 silly get     'x-timer': 'S1505904677.137788,VS0,VE0',
166 silly get     vary: 'Accept-Encoding, Accept' } ]
167 verbose etag https://registry.npmjs.org/nan from cache
168 verbose get saving nan to C:\Users\Sine\AppData\Roaming\npm-cache\registry.npmjs.org\nan\.cache.json
169 verbose correctMkdir C:\Users\Sine\AppData\Roaming\npm-cache correctMkdir not in flight; initializing
170 silly resolveWithNewModule nan@2.6.2 checking installable status
171 silly cache add args [ 'nan@~2.6.2', null ]
172 verbose cache add spec nan@~2.6.2
173 silly cache add parsed spec Result {
173 silly cache add   raw: 'nan@~2.6.2',
173 silly cache add   scope: null,
173 silly cache add   escapedName: 'nan',
173 silly cache add   name: 'nan',
173 silly cache add   rawSpec: '~2.6.2',
173 silly cache add   spec: '>=2.6.2 <2.7.0',
173 silly cache add   type: 'range' }
174 silly addNamed nan@>=2.6.2 <2.7.0
175 verbose addNamed ">=2.6.2 <2.7.0" is a valid semver range for nan
176 silly addNameRange { name: 'nan', range: '>=2.6.2 <2.7.0', hasData: false }
177 silly mapToRegistry name nan
178 silly mapToRegistry using default registry
179 silly mapToRegistry registry https://registry.npmjs.org/
180 silly mapToRegistry data Result {
180 silly mapToRegistry   raw: 'nan',
180 silly mapToRegistry   scope: null,
180 silly mapToRegistry   escapedName: 'nan',
180 silly mapToRegistry   name: 'nan',
180 silly mapToRegistry   rawSpec: '',
180 silly mapToRegistry   spec: 'latest',
180 silly mapToRegistry   type: 'tag' }
181 silly mapToRegistry uri https://registry.npmjs.org/nan
182 verbose addNameRange registry:https://registry.npmjs.org/nan not in flight; fetching
183 verbose get https://registry.npmjs.org/nan not expired, no request
184 silly addNameRange number 2 { name: 'nan', range: '>=2.6.2 <2.7.0', hasData: true }
185 silly addNameRange versions [ 'nan',
185 silly addNameRange   [ '0.3.0-wip',
185 silly addNameRange     '0.3.0-wip2',
185 silly addNameRange     '0.3.0',
185 silly addNameRange     '0.3.1',
185 silly addNameRange     '0.3.2',
185 silly addNameRange     '0.4.0',
185 silly addNameRange     '0.4.1',
185 silly addNameRange     '0.4.2',
185 silly addNameRange     '0.4.3',
185 silly addNameRange     '0.4.4',
185 silly addNameRange     '0.5.0',
185 silly addNameRange     '0.5.1',
185 silly addNameRange     '0.5.2',
185 silly addNameRange     '0.6.0',
185 silly addNameRange     '0.7.0',
185 silly addNameRange     '0.7.1',
185 silly addNameRange     '0.8.0',
185 silly addNameRange     '1.0.0',
185 silly addNameRange     '1.1.0',
185 silly addNameRange     '1.1.1',
185 silly addNameRange     '1.1.2',
185 silly addNameRange     '1.2.0',
185 silly addNameRange     '1.3.0',
185 silly addNameRange     '1.4.0',
185 silly addNameRange     '1.4.1',
185 silly addNameRange     '1.5.0',
185 silly addNameRange     '1.4.2',
185 silly addNameRange     '1.4.3',
185 silly addNameRange     '1.5.1',
185 silly addNameRange     '1.5.2',
185 silly addNameRange     '1.6.0',
185 silly addNameRange     '1.5.3',
185 silly addNameRange     '1.6.1',
185 silly addNameRange     '1.6.2',
185 silly addNameRange     '1.7.0',
185 silly addNameRange     '1.8.0',
185 silly addNameRange     '1.8.1',
185 silly addNameRange     '1.8.2',
185 silly addNameRange     '1.8.3',
185 silly addNameRange     '1.8.4',
185 silly addNameRange     '1.9.0',
185 silly addNameRange     '2.0.0',
185 silly addNameRange     '2.0.1',
185 silly addNameRange     '2.0.2',
185 silly addNameRange     '2.0.3',
185 silly addNameRange     '2.0.4',
185 silly addNameRange     '2.0.5',
185 silly addNameRange     '2.0.6',
185 silly addNameRange     '2.0.7',
185 silly addNameRange     '2.0.8',
185 silly addNameRange     '2.0.9',
185 silly addNameRange     '2.1.0',
185 silly addNameRange     '2.2.0',
185 silly addNameRange     '2.2.1',
185 silly addNameRange     '2.3.0',
185 silly addNameRange     '2.3.1',
185 silly addNameRange     '2.3.2',
185 silly addNameRange     '2.3.3',
185 silly addNameRange     '2.3.4',
185 silly addNameRange     '2.3.5',
185 silly addNameRange     '2.4.0',
185 silly addNameRange     '2.5.0',
185 silly addNameRange     '2.5.1',
185 silly addNameRange     '2.6.0',
185 silly addNameRange     '2.6.1',
185 silly addNameRange     '2.6.2',
185 silly addNameRange     '2.7.0' ] ]
186 silly addNamed nan@2.6.2
187 verbose addNamed "2.6.2" is a plain semver version for nan
188 silly cache afterAdd nan@2.6.2
189 verbose afterAdd C:\Users\Sine\AppData\Roaming\npm-cache\nan\2.6.2\package\package.json not in flight; writing
190 verbose correctMkdir C:\Users\Sine\AppData\Roaming\npm-cache correctMkdir not in flight; initializing
191 verbose afterAdd C:\Users\Sine\AppData\Roaming\npm-cache\nan\2.6.2\package\package.json written
192 silly loadAllDepsIntoIdealTree Finishing
193 silly loadIdealTree Finishing
194 silly currentTree milestone2@1.0.0
194 silly currentTree +-- accepts@1.3.4
194 silly currentTree +-- array-flatten@1.1.1
194 silly currentTree +-- async@1.5.2
194 silly currentTree +-- content-disposition@0.5.2
194 silly currentTree +-- content-type@1.0.4
194 silly currentTree +-- cookie-signature@1.0.6
194 silly currentTree +-- cookie@0.3.1
194 silly currentTree +-- debug@2.6.8
194 silly currentTree +-- depd@1.1.1
194 silly currentTree +-- destroy@1.0.4
194 silly currentTree +-- ee-first@1.1.1
194 silly currentTree +-- encodeurl@1.0.1
194 silly currentTree +-- escape-html@1.0.3
194 silly currentTree +-- etag@1.8.1
194 silly currentTree +-- express@4.15.4
194 silly currentTree +-- finalhandler@1.0.5
194 silly currentTree +-- forwarded@0.1.2
194 silly currentTree +-- fresh@0.5.0
194 silly currentTree +-- http-errors@1.6.2
194 silly currentTree +-- inherits@2.0.3
194 silly currentTree +-- ipaddr.js@1.4.0
194 silly currentTree +-- media-typer@0.3.0
194 silly currentTree +-- merge-descriptors@1.0.1
194 silly currentTree +-- methods@1.1.2
194 silly currentTree +-- mime-db@1.30.0
194 silly currentTree +-- mime-types@2.1.17
194 silly currentTree +-- mime@1.3.4
194 silly currentTree +-- ms@2.0.0
194 silly currentTree +-- negotiator@0.6.1
194 silly currentTree +-- on-finished@2.3.0
194 silly currentTree +-- parseurl@1.3.2
194 silly currentTree +-- path-to-regexp@0.1.7
194 silly currentTree +-- proxy-addr@1.1.5
194 silly currentTree +-- qs@6.5.0
194 silly currentTree +-- range-parser@1.2.0
194 silly currentTree +-- send@0.15.4
194 silly currentTree +-- serve-static@1.12.4
194 silly currentTree +-- setprototypeof@1.0.3
194 silly currentTree +-- statuses@1.3.1
194 silly currentTree +-- type-is@1.6.15
194 silly currentTree +-- unpipe@1.0.0
194 silly currentTree +-- utils-merge@1.0.0
194 silly currentTree `-- vary@1.1.1
195 silly idealTree milestone2@1.0.0
195 silly idealTree +-- accepts@1.3.4
195 silly idealTree +-- array-flatten@1.1.1
195 silly idealTree +-- async@1.5.2
195 silly idealTree +-- bindings@1.2.1
195 silly idealTree +-- content-disposition@0.5.2
195 silly idealTree +-- content-type@1.0.4
195 silly idealTree +-- cookie-signature@1.0.6
195 silly idealTree +-- cookie@0.3.1
195 silly idealTree +-- debug@2.6.8
195 silly idealTree +-- depd@1.1.1
195 silly idealTree +-- destroy@1.0.4
195 silly idealTree +-- ee-first@1.1.1
195 silly idealTree +-- encodeurl@1.0.1
195 silly idealTree +-- epoll@0.1.22
195 silly idealTree +-- escape-html@1.0.3
195 silly idealTree +-- etag@1.8.1
195 silly idealTree +-- express@4.15.4
195 silly idealTree +-- finalhandler@1.0.5
195 silly idealTree +-- forwarded@0.1.2
195 silly idealTree +-- fresh@0.5.0
195 silly idealTree +-- http-errors@1.6.2
195 silly idealTree +-- inherits@2.0.3
195 silly idealTree +-- ipaddr.js@1.4.0
195 silly idealTree +-- media-typer@0.3.0
195 silly idealTree +-- merge-descriptors@1.0.1
195 silly idealTree +-- methods@1.1.2
195 silly idealTree +-- mime-db@1.30.0
195 silly idealTree +-- mime-types@2.1.17
195 silly idealTree +-- mime@1.3.4
195 silly idealTree +-- ms@2.0.0
195 silly idealTree +-- nan@2.6.2
195 silly idealTree +-- negotiator@0.6.1
195 silly idealTree +-- on-finished@2.3.0
195 silly idealTree +-- onoff@1.1.7
195 silly idealTree +-- parseurl@1.3.2
195 silly idealTree +-- path-to-regexp@0.1.7
195 silly idealTree +-- proxy-addr@1.1.5
195 silly idealTree +-- qs@6.5.0
195 silly idealTree +-- range-parser@1.2.0
195 silly idealTree +-- send@0.15.4
195 silly idealTree +-- serve-static@1.12.4
195 silly idealTree +-- setprototypeof@1.0.3
195 silly idealTree +-- statuses@1.3.1
195 silly idealTree +-- type-is@1.6.15
195 silly idealTree +-- unpipe@1.0.0
195 silly idealTree +-- utils-merge@1.0.0
195 silly idealTree `-- vary@1.1.1
196 silly generateActionsToTake Starting
197 silly install generateActionsToTake
198 silly generateActionsToTake Finishing
199 silly diffTrees action count 4
200 silly diffTrees add bindings@1.2.1
201 silly diffTrees add nan@2.6.2
202 silly diffTrees add epoll@0.1.22
203 silly diffTrees add onoff@1.1.7
204 silly decomposeActions action count 32
205 silly decomposeActions fetch bindings@1.2.1
206 silly decomposeActions extract bindings@1.2.1
207 silly decomposeActions test bindings@1.2.1
208 silly decomposeActions preinstall bindings@1.2.1
209 silly decomposeActions build bindings@1.2.1
210 silly decomposeActions install bindings@1.2.1
211 silly decomposeActions postinstall bindings@1.2.1
212 silly decomposeActions finalize bindings@1.2.1
213 silly decomposeActions fetch nan@2.6.2
214 silly decomposeActions extract nan@2.6.2
215 silly decomposeActions test nan@2.6.2
216 silly decomposeActions preinstall nan@2.6.2
217 silly decomposeActions build nan@2.6.2
218 silly decomposeActions install nan@2.6.2
219 silly decomposeActions postinstall nan@2.6.2
220 silly decomposeActions finalize nan@2.6.2
221 silly decomposeActions fetch epoll@0.1.22
222 silly decomposeActions extract epoll@0.1.22
223 silly decomposeActions test epoll@0.1.22
224 silly decomposeActions preinstall epoll@0.1.22
225 silly decomposeActions build epoll@0.1.22
226 silly decomposeActions install epoll@0.1.22
227 silly decomposeActions postinstall epoll@0.1.22
228 silly decomposeActions finalize epoll@0.1.22
229 silly decomposeActions fetch onoff@1.1.7
230 silly decomposeActions extract onoff@1.1.7
231 silly decomposeActions test onoff@1.1.7
232 silly decomposeActions preinstall onoff@1.1.7
233 silly decomposeActions build onoff@1.1.7
234 silly decomposeActions install onoff@1.1.7
235 silly decomposeActions postinstall onoff@1.1.7
236 silly decomposeActions finalize onoff@1.1.7
237 silly runTopLevelLifecycles Starting
238 silly executeActions Starting
239 silly install executeActions
240 silly doSerial global-install 0
241 silly doParallel fetch 4
242 verbose correctMkdir C:\Users\Sine\AppData\Roaming\npm-cache\_locks correctMkdir not in flight; initializing
243 verbose lock using C:\Users\Sine\AppData\Roaming\npm-cache\_locks\staging-ed75fd18ac355045.lock for C:\Users\Sine\Dropbox\Fifty50\Internet Of Things\Project\Milestone 2\node_modules\.staging
244 silly doParallel extract 4
245 silly extract bindings@1.2.1
246 silly extract nan@2.6.2
247 silly extract epoll@0.1.22
248 silly extract onoff@1.1.7
249 verbose unbuild node_modules\.staging\bindings-62f1c085
250 verbose unbuild node_modules\.staging\epoll-b9ec2dac
251 verbose unbuild node_modules\.staging\nan-110ab96a
252 verbose unbuild node_modules\.staging\onoff-c0b15ac3
253 silly gentlyRm C:\Users\Sine\Dropbox\Fifty50\Internet Of Things\Project\Milestone 2\node_modules\.staging\bindings-62f1c085 is being purged from base C:\Users\Sine\Dropbox\Fifty50\Internet Of Things\Project\Milestone 2
254 verbose gentlyRm don't care about contents; nuking C:\Users\Sine\Dropbox\Fifty50\Internet Of Things\Project\Milestone 2\node_modules\.staging\bindings-62f1c085
255 silly gentlyRm C:\Users\Sine\Dropbox\Fifty50\Internet Of Things\Project\Milestone 2\node_modules\.staging\epoll-b9ec2dac is being purged from base C:\Users\Sine\Dropbox\Fifty50\Internet Of Things\Project\Milestone 2
256 verbose gentlyRm don't care about contents; nuking C:\Users\Sine\Dropbox\Fifty50\Internet Of Things\Project\Milestone 2\node_modules\.staging\epoll-b9ec2dac
257 silly gentlyRm C:\Users\Sine\Dropbox\Fifty50\Internet Of Things\Project\Milestone 2\node_modules\.staging\nan-110ab96a is being purged from base C:\Users\Sine\Dropbox\Fifty50\Internet Of Things\Project\Milestone 2
258 verbose gentlyRm don't care about contents; nuking C:\Users\Sine\Dropbox\Fifty50\Internet Of Things\Project\Milestone 2\node_modules\.staging\nan-110ab96a
259 verbose tar unpack C:\Users\Sine\AppData\Roaming\npm-cache\bindings\1.2.1\package.tgz
260 verbose tar unpacking to C:\Users\Sine\Dropbox\Fifty50\Internet Of Things\Project\Milestone 2\node_modules\.staging\bindings-62f1c085
261 silly gentlyRm C:\Users\Sine\Dropbox\Fifty50\Internet Of Things\Project\Milestone 2\node_modules\.staging\bindings-62f1c085 is being purged
262 verbose gentlyRm don't care about contents; nuking C:\Users\Sine\Dropbox\Fifty50\Internet Of Things\Project\Milestone 2\node_modules\.staging\bindings-62f1c085
263 verbose tar unpack C:\Users\Sine\AppData\Roaming\npm-cache\epoll\0.1.22\package.tgz
264 verbose tar unpacking to C:\Users\Sine\Dropbox\Fifty50\Internet Of Things\Project\Milestone 2\node_modules\.staging\epoll-b9ec2dac
265 silly gentlyRm C:\Users\Sine\Dropbox\Fifty50\Internet Of Things\Project\Milestone 2\node_modules\.staging\epoll-b9ec2dac is being purged
266 verbose gentlyRm don't care about contents; nuking C:\Users\Sine\Dropbox\Fifty50\Internet Of Things\Project\Milestone 2\node_modules\.staging\epoll-b9ec2dac
267 verbose tar unpack C:\Users\Sine\AppData\Roaming\npm-cache\nan\2.6.2\package.tgz
268 verbose tar unpacking to C:\Users\Sine\Dropbox\Fifty50\Internet Of Things\Project\Milestone 2\node_modules\.staging\nan-110ab96a
269 silly gentlyRm C:\Users\Sine\Dropbox\Fifty50\Internet Of Things\Project\Milestone 2\node_modules\.staging\nan-110ab96a is being purged
270 verbose gentlyRm don't care about contents; nuking C:\Users\Sine\Dropbox\Fifty50\Internet Of Things\Project\Milestone 2\node_modules\.staging\nan-110ab96a
271 silly gentlyRm C:\Users\Sine\Dropbox\Fifty50\Internet Of Things\Project\Milestone 2\node_modules\.staging\onoff-c0b15ac3 is being purged from base C:\Users\Sine\Dropbox\Fifty50\Internet Of Things\Project\Milestone 2
272 verbose gentlyRm don't care about contents; nuking C:\Users\Sine\Dropbox\Fifty50\Internet Of Things\Project\Milestone 2\node_modules\.staging\onoff-c0b15ac3
273 silly gunzTarPerm modes [ '777', '666' ]
274 silly gunzTarPerm modes [ '777', '666' ]
275 silly gunzTarPerm modes [ '777', '666' ]
276 verbose tar unpack C:\Users\Sine\AppData\Roaming\npm-cache\onoff\1.1.7\package.tgz
277 verbose tar unpacking to C:\Users\Sine\Dropbox\Fifty50\Internet Of Things\Project\Milestone 2\node_modules\.staging\onoff-c0b15ac3
278 silly gentlyRm C:\Users\Sine\Dropbox\Fifty50\Internet Of Things\Project\Milestone 2\node_modules\.staging\onoff-c0b15ac3 is being purged
279 verbose gentlyRm don't care about contents; nuking C:\Users\Sine\Dropbox\Fifty50\Internet Of Things\Project\Milestone 2\node_modules\.staging\onoff-c0b15ac3
280 silly gunzTarPerm modes [ '777', '666' ]
281 silly gunzTarPerm extractEntry package.json
282 silly gunzTarPerm modified mode [ 'package.json', 420, 438 ]
283 silly gunzTarPerm extractEntry package.json
284 silly gunzTarPerm modified mode [ 'package.json', 436, 438 ]
285 silly gunzTarPerm extractEntry package.json
286 silly gunzTarPerm modified mode [ 'package.json', 436, 438 ]
287 silly gunzTarPerm extractEntry package.json
288 silly gunzTarPerm modified mode [ 'package.json', 436, 438 ]
289 silly gunzTarPerm extractEntry README.md
290 silly gunzTarPerm modified mode [ 'README.md', 420, 438 ]
291 silly gunzTarPerm extractEntry bindings.js
292 silly gunzTarPerm modified mode [ 'bindings.js', 420, 438 ]
293 silly gunzTarPerm extractEntry README.md
294 silly gunzTarPerm modified mode [ 'README.md', 436, 438 ]
295 silly gunzTarPerm extractEntry .npmignore
296 silly gunzTarPerm modified mode [ '.npmignore', 436, 438 ]
297 silly gunzTarPerm extractEntry README.md
298 silly gunzTarPerm modified mode [ 'README.md', 436, 438 ]
299 silly gunzTarPerm extractEntry include_dirs.js
300 silly gunzTarPerm modified mode [ 'include_dirs.js', 436, 438 ]
301 silly gunzTarPerm extractEntry .npmignore
302 silly gunzTarPerm modified mode [ '.npmignore', 436, 438 ]
303 silly gunzTarPerm extractEntry README.md
304 silly gunzTarPerm modified mode [ 'README.md', 436, 438 ]
305 silly gunzTarPerm extractEntry nan_converters_43_inl.h
306 silly gunzTarPerm modified mode [ 'nan_converters_43_inl.h', 436, 438 ]
307 silly gunzTarPerm extractEntry LICENSE.md
308 silly gunzTarPerm modified mode [ 'LICENSE.md', 436, 438 ]
309 silly gunzTarPerm extractEntry doc/new.md
310 silly gunzTarPerm modified mode [ 'doc/new.md', 436, 438 ]
311 silly gunzTarPerm extractEntry LICENSE
312 silly gunzTarPerm modified mode [ 'LICENSE', 436, 438 ]
313 silly gunzTarPerm extractEntry epoll.js
314 silly gunzTarPerm modified mode [ 'epoll.js', 436, 438 ]
315 silly gunzTarPerm extractEntry LICENSE
316 silly gunzTarPerm modified mode [ 'LICENSE', 436, 438 ]
317 silly gunzTarPerm extractEntry doc/asyncworker.md
318 silly gunzTarPerm modified mode [ 'doc/asyncworker.md', 436, 438 ]
319 silly gunzTarPerm extractEntry History.md
320 silly gunzTarPerm modified mode [ 'History.md', 436, 438 ]
321 silly gunzTarPerm extractEntry binding.gyp
322 silly gunzTarPerm modified mode [ 'binding.gyp', 436, 438 ]
323 silly gunzTarPerm extractEntry example/interrupts-per-second/interrupts-per-second.js
324 silly gunzTarPerm modified mode [ 'example/interrupts-per-second/interrupts-per-second.js',
324 silly gunzTarPerm   436,
324 silly gunzTarPerm   438 ]
325 silly gunzTarPerm extractEntry example/interrupts-per-second/export
326 silly gunzTarPerm modified mode [ 'example/interrupts-per-second/export', 509, 511 ]
327 silly gunzTarPerm extractEntry example/interrupts-per-second/unexport
328 silly gunzTarPerm modified mode [ 'example/interrupts-per-second/unexport', 509, 511 ]
329 silly gunzTarPerm extractEntry example/watch-button/watch-button.js
330 silly gunzTarPerm modified mode [ 'example/watch-button/watch-button.js', 436, 438 ]
331 silly gunzTarPerm extractEntry example/watch-button/export
332 silly gunzTarPerm modified mode [ 'example/watch-button/export', 509, 511 ]
333 silly gunzTarPerm extractEntry example/watch-button/unexport
334 silly gunzTarPerm modified mode [ 'example/watch-button/unexport', 509, 511 ]
335 silly gunzTarPerm extractEntry src/epoll.cc
336 silly gunzTarPerm modified mode [ 'src/epoll.cc', 436, 438 ]
337 silly gunzTarPerm extractEntry src/epoll.h
338 silly gunzTarPerm modified mode [ 'src/epoll.h', 436, 438 ]
339 silly gunzTarPerm extractEntry test/brute-force-leak-check.js
340 silly gunzTarPerm modified mode [ 'test/brute-force-leak-check.js', 436, 438 ]
341 silly gunzTarPerm extractEntry test/do-almost-nothing.js
342 silly gunzTarPerm modified mode [ 'test/do-almost-nothing.js', 436, 438 ]
343 silly gunzTarPerm extractEntry test/do-nothing.js
344 silly gunzTarPerm modified mode [ 'test/do-nothing.js', 436, 438 ]
345 silly gunzTarPerm extractEntry test/no-gc-allowed.js
346 silly gunzTarPerm modified mode [ 'test/no-gc-allowed.js', 436, 438 ]
347 silly gunzTarPerm extractEntry test/closed.js
348 silly gunzTarPerm modified mode [ 'test/closed.js', 436, 438 ]
349 silly gunzTarPerm extractEntry test/performance-check.js
350 silly gunzTarPerm modified mode [ 'test/performance-check.js', 436, 438 ]
351 silly gunzTarPerm extractEntry test/util.js
352 silly gunzTarPerm modified mode [ 'test/util.js', 436, 438 ]
353 silly gunzTarPerm extractEntry test/two-shot.js
354 silly gunzTarPerm modified mode [ 'test/two-shot.js', 436, 438 ]
355 silly gunzTarPerm extractEntry test/verify-events.js
356 silly gunzTarPerm modified mode [ 'test/verify-events.js', 436, 438 ]
357 silly gunzTarPerm extractEntry test/one-shot.js
358 silly gunzTarPerm modified mode [ 'test/one-shot.js', 436, 438 ]
359 silly gunzTarPerm extractEntry test/run-tests
360 silly gunzTarPerm modified mode [ 'test/run-tests', 509, 511 ]
361 silly gunzTarPerm extractEntry onoff.js
362 silly gunzTarPerm modified mode [ 'onoff.js', 436, 438 ]
363 silly gunzTarPerm extractEntry History.md
364 silly gunzTarPerm modified mode [ 'History.md', 436, 438 ]
365 silly gunzTarPerm extractEntry examples/blink-led-async.js
366 silly gunzTarPerm modified mode [ 'examples/blink-led-async.js', 436, 438 ]
367 silly gunzTarPerm extractEntry doc/callback.md
368 silly gunzTarPerm modified mode [ 'doc/callback.md', 436, 438 ]
369 silly gunzTarPerm extractEntry doc/converters.md
370 silly gunzTarPerm modified mode [ 'doc/converters.md', 436, 438 ]
371 silly gunzTarPerm extractEntry doc/errors.md
372 silly gunzTarPerm modified mode [ 'doc/errors.md', 436, 438 ]
373 silly gunzTarPerm extractEntry doc/json.md
374 silly gunzTarPerm modified mode [ 'doc/json.md', 436, 438 ]
375 silly gunzTarPerm extractEntry examples/blink-led.js
376 silly gunzTarPerm modified mode [ 'examples/blink-led.js', 436, 438 ]
377 silly gunzTarPerm extractEntry examples/light-switch.js
378 silly gunzTarPerm modified mode [ 'examples/light-switch.js', 436, 438 ]
379 silly gunzTarPerm extractEntry doc/maybe_types.md
380 silly gunzTarPerm modified mode [ 'doc/maybe_types.md', 436, 438 ]
381 silly gunzTarPerm extractEntry doc/methods.md
382 silly gunzTarPerm modified mode [ 'doc/methods.md', 436, 438 ]
383 silly gunzTarPerm extractEntry examples/wait-for-interrupt.js
384 silly gunzTarPerm modified mode [ 'examples/wait-for-interrupt.js', 436, 438 ]
385 silly gunzTarPerm extractEntry examples/light-switch.png
386 silly gunzTarPerm modified mode [ 'examples/light-switch.png', 436, 438 ]
387 silly gentlyRm C:\Users\Sine\Dropbox\Fifty50\Internet Of Things\Project\Milestone 2\node_modules\.staging\bindings-62f1c085\node_modules is being purged
388 verbose gentlyRm don't care about contents; nuking C:\Users\Sine\Dropbox\Fifty50\Internet Of Things\Project\Milestone 2\node_modules\.staging\bindings-62f1c085\node_modules
389 silly gunzTarPerm extractEntry doc/buffers.md
390 silly gunzTarPerm modified mode [ 'doc/buffers.md', 436, 438 ]
391 silly gunzTarPerm extractEntry doc/node_misc.md
392 silly gunzTarPerm modified mode [ 'doc/node_misc.md', 436, 438 ]
393 silly gunzTarPerm extractEntry examples/mygpio-overlay.dts
394 silly gunzTarPerm modified mode [ 'examples/mygpio-overlay.dts', 436, 438 ]
395 silly gunzTarPerm extractEntry doc/object_wrappers.md
396 silly gunzTarPerm modified mode [ 'doc/object_wrappers.md', 436, 438 ]
397 silly gunzTarPerm extractEntry doc/persistent.md
398 silly gunzTarPerm modified mode [ 'doc/persistent.md', 436, 438 ]
399 silly gunzTarPerm extractEntry doc/scopes.md
400 silly gunzTarPerm modified mode [ 'doc/scopes.md', 436, 438 ]
401 silly gunzTarPerm extractEntry doc/script.md
402 silly gunzTarPerm modified mode [ 'doc/script.md', 436, 438 ]
403 silly gunzTarPerm extractEntry examples/run-examples
404 silly gunzTarPerm modified mode [ 'examples/run-examples', 509, 511 ]
405 silly gunzTarPerm extractEntry test/blink-led.js
406 silly gunzTarPerm modified mode [ 'test/blink-led.js', 436, 438 ]
407 silly gunzTarPerm extractEntry doc/string_bytes.md
408 silly gunzTarPerm modified mode [ 'doc/string_bytes.md', 436, 438 ]
409 silly gunzTarPerm extractEntry doc/v8_internals.md
410 silly gunzTarPerm modified mode [ 'doc/v8_internals.md', 436, 438 ]
411 silly gunzTarPerm extractEntry test/configure-and-check-input.js
412 silly gunzTarPerm modified mode [ 'test/configure-and-check-input.js', 436, 438 ]
413 silly gunzTarPerm extractEntry test/configure-and-check-output.js
414 silly gunzTarPerm modified mode [ 'test/configure-and-check-output.js', 436, 438 ]
415 silly gunzTarPerm extractEntry test/export-many-times.js
416 silly gunzTarPerm modified mode [ 'test/export-many-times.js', 436, 438 ]
417 silly gunzTarPerm extractEntry test/many-interrupts.js
418 silly gunzTarPerm modified mode [ 'test/many-interrupts.js', 436, 438 ]
419 silly gunzTarPerm extractEntry doc/v8_misc.md
420 silly gunzTarPerm modified mode [ 'doc/v8_misc.md', 436, 438 ]
421 silly gunzTarPerm extractEntry nan.h
422 silly gunzTarPerm modified mode [ 'nan.h', 436, 438 ]
423 silly gunzTarPerm extractEntry test/configure-and-check-active-low.js
424 silly gunzTarPerm modified mode [ 'test/configure-and-check-active-low.js', 436, 438 ]
425 silly gunzTarPerm extractEntry test/performance-interrupt.js
426 silly gunzTarPerm modified mode [ 'test/performance-interrupt.js', 436, 438 ]
427 silly gunzTarPerm extractEntry test/performance-sync.js
428 silly gunzTarPerm modified mode [ 'test/performance-sync.js', 436, 438 ]
429 silly gunzTarPerm extractEntry nan_callbacks.h
430 silly gunzTarPerm modified mode [ 'nan_callbacks.h', 436, 438 ]
431 silly gunzTarPerm extractEntry test/wait-for-interrupt.js
432 silly gunzTarPerm modified mode [ 'test/wait-for-interrupt.js', 436, 438 ]
433 silly gunzTarPerm extractEntry test/wait-for-many-interrupts.js
434 silly gunzTarPerm modified mode [ 'test/wait-for-many-interrupts.js', 436, 438 ]
435 silly gunzTarPerm extractEntry test/performance-async.js
436 silly gunzTarPerm modified mode [ 'test/performance-async.js', 436, 438 ]
437 silly gunzTarPerm extractEntry test/run-tests
438 silly gunzTarPerm modified mode [ 'test/run-tests', 509, 511 ]
439 silly gunzTarPerm extractEntry nan_callbacks_12_inl.h
440 silly gunzTarPerm modified mode [ 'nan_callbacks_12_inl.h', 436, 438 ]
441 silly gunzTarPerm extractEntry nan_callbacks_pre_12_inl.h
442 silly gunzTarPerm modified mode [ 'nan_callbacks_pre_12_inl.h', 436, 438 ]
443 silly gunzTarPerm extractEntry nan_converters.h
444 silly gunzTarPerm modified mode [ 'nan_converters.h', 436, 438 ]
445 silly gunzTarPerm extractEntry nan_converters_pre_43_inl.h
446 silly gunzTarPerm modified mode [ 'nan_converters_pre_43_inl.h', 436, 438 ]
447 silly gunzTarPerm extractEntry nan_implementation_12_inl.h
448 silly gunzTarPerm modified mode [ 'nan_implementation_12_inl.h', 436, 438 ]
449 silly gunzTarPerm extractEntry nan_implementation_pre_12_inl.h
450 silly gunzTarPerm modified mode [ 'nan_implementation_pre_12_inl.h', 436, 438 ]
451 silly gunzTarPerm extractEntry nan_json.h
452 silly gunzTarPerm modified mode [ 'nan_json.h', 436, 438 ]
453 silly gunzTarPerm extractEntry nan_maybe_43_inl.h
454 silly gunzTarPerm modified mode [ 'nan_maybe_43_inl.h', 436, 438 ]
455 silly gunzTarPerm extractEntry nan_maybe_pre_43_inl.h
456 silly gunzTarPerm modified mode [ 'nan_maybe_pre_43_inl.h', 436, 438 ]
457 silly gunzTarPerm extractEntry nan_new.h
458 silly gunzTarPerm modified mode [ 'nan_new.h', 436, 438 ]
459 silly gunzTarPerm extractEntry nan_object_wrap.h
460 silly gunzTarPerm modified mode [ 'nan_object_wrap.h', 436, 438 ]
461 silly gunzTarPerm extractEntry nan_persistent_12_inl.h
462 silly gunzTarPerm modified mode [ 'nan_persistent_12_inl.h', 436, 438 ]
463 silly gunzTarPerm extractEntry nan_persistent_pre_12_inl.h
464 silly gunzTarPerm modified mode [ 'nan_persistent_pre_12_inl.h', 436, 438 ]
465 silly gunzTarPerm extractEntry nan_private.h
466 silly gunzTarPerm modified mode [ 'nan_private.h', 436, 438 ]
467 silly gunzTarPerm extractEntry nan_string_bytes.h
468 silly gunzTarPerm modified mode [ 'nan_string_bytes.h', 436, 438 ]
469 silly gunzTarPerm extractEntry nan_typedarray_contents.h
470 silly gunzTarPerm modified mode [ 'nan_typedarray_contents.h', 436, 438 ]
471 silly gunzTarPerm extractEntry nan_weak.h
472 silly gunzTarPerm modified mode [ 'nan_weak.h', 436, 438 ]
473 silly gunzTarPerm extractEntry CHANGELOG.md
474 silly gunzTarPerm modified mode [ 'CHANGELOG.md', 436, 438 ]
475 silly gunzTarPerm extractEntry tools/package.json
476 silly gunzTarPerm modified mode [ 'tools/package.json', 436, 438 ]
477 silly gunzTarPerm extractEntry tools/README.md
478 silly gunzTarPerm modified mode [ 'tools/README.md', 436, 438 ]
479 silly gunzTarPerm extractEntry tools/1to2.js
480 silly gunzTarPerm modified mode [ 'tools/1to2.js', 509, 511 ]
481 silly gentlyRm C:\Users\Sine\Dropbox\Fifty50\Internet Of Things\Project\Milestone 2\node_modules\.staging\epoll-b9ec2dac\node_modules is being purged
482 verbose gentlyRm don't care about contents; nuking C:\Users\Sine\Dropbox\Fifty50\Internet Of Things\Project\Milestone 2\node_modules\.staging\epoll-b9ec2dac\node_modules
483 silly gentlyRm C:\Users\Sine\Dropbox\Fifty50\Internet Of Things\Project\Milestone 2\node_modules\.staging\onoff-c0b15ac3\node_modules is being purged
484 verbose gentlyRm don't care about contents; nuking C:\Users\Sine\Dropbox\Fifty50\Internet Of Things\Project\Milestone 2\node_modules\.staging\onoff-c0b15ac3\node_modules
485 silly gentlyRm C:\Users\Sine\Dropbox\Fifty50\Internet Of Things\Project\Milestone 2\node_modules\.staging\nan-110ab96a\node_modules is being purged
486 verbose gentlyRm don't care about contents; nuking C:\Users\Sine\Dropbox\Fifty50\Internet Of Things\Project\Milestone 2\node_modules\.staging\nan-110ab96a\node_modules
487 silly doParallel preinstall 4
488 silly preinstall bindings@1.2.1 C:\Users\Sine\Dropbox\Fifty50\Internet Of Things\Project\Milestone 2\node_modules\.staging\bindings-62f1c085
489 info lifecycle bindings@1.2.1~preinstall: bindings@1.2.1
490 silly preinstall nan@2.6.2 C:\Users\Sine\Dropbox\Fifty50\Internet Of Things\Project\Milestone 2\node_modules\.staging\nan-110ab96a
491 info lifecycle nan@2.6.2~preinstall: nan@2.6.2
492 silly preinstall epoll@0.1.22 C:\Users\Sine\Dropbox\Fifty50\Internet Of Things\Project\Milestone 2\node_modules\.staging\epoll-b9ec2dac
493 info lifecycle epoll@0.1.22~preinstall: epoll@0.1.22
494 silly preinstall onoff@1.1.7 C:\Users\Sine\Dropbox\Fifty50\Internet Of Things\Project\Milestone 2\node_modules\.staging\onoff-c0b15ac3
495 info lifecycle onoff@1.1.7~preinstall: onoff@1.1.7
496 silly lifecycle bindings@1.2.1~preinstall: no script for preinstall, continuing
497 silly lifecycle nan@2.6.2~preinstall: no script for preinstall, continuing
498 silly lifecycle epoll@0.1.22~preinstall: no script for preinstall, continuing
499 silly lifecycle onoff@1.1.7~preinstall: no script for preinstall, continuing
500 silly doReverseSerial remove 0
501 silly doSerial move 0
502 silly doSerial finalize 4
503 silly finalize C:\Users\Sine\Dropbox\Fifty50\Internet Of Things\Project\Milestone 2\node_modules\bindings
504 silly finalize C:\Users\Sine\Dropbox\Fifty50\Internet Of Things\Project\Milestone 2\node_modules\nan
505 silly finalize C:\Users\Sine\Dropbox\Fifty50\Internet Of Things\Project\Milestone 2\node_modules\epoll
506 silly finalize C:\Users\Sine\Dropbox\Fifty50\Internet Of Things\Project\Milestone 2\node_modules\onoff
507 silly doSerial build 4
508 silly build bindings@1.2.1
509 info linkStuff bindings@1.2.1
510 silly linkStuff bindings@1.2.1 has C:\Users\Sine\Dropbox\Fifty50\Internet Of Things\Project\Milestone 2\node_modules as its parent node_modules
511 verbose linkBins bindings@1.2.1
512 verbose linkMans bindings@1.2.1
513 silly build nan@2.6.2
514 info linkStuff nan@2.6.2
515 silly linkStuff nan@2.6.2 has C:\Users\Sine\Dropbox\Fifty50\Internet Of Things\Project\Milestone 2\node_modules as its parent node_modules
516 verbose linkBins nan@2.6.2
517 verbose linkMans nan@2.6.2
518 silly build epoll@0.1.22
519 info linkStuff epoll@0.1.22
520 silly linkStuff epoll@0.1.22 has C:\Users\Sine\Dropbox\Fifty50\Internet Of Things\Project\Milestone 2\node_modules as its parent node_modules
521 verbose linkBins epoll@0.1.22
522 verbose linkMans epoll@0.1.22
523 silly build onoff@1.1.7
524 info linkStuff onoff@1.1.7
525 silly linkStuff onoff@1.1.7 has C:\Users\Sine\Dropbox\Fifty50\Internet Of Things\Project\Milestone 2\node_modules as its parent node_modules
526 verbose linkBins onoff@1.1.7
527 verbose linkMans onoff@1.1.7
528 silly doSerial global-link 0
529 silly doParallel update-linked 0
530 silly doSerial install 4
531 silly install bindings@1.2.1 C:\Users\Sine\Dropbox\Fifty50\Internet Of Things\Project\Milestone 2\node_modules\.staging\bindings-62f1c085
532 info lifecycle bindings@1.2.1~install: bindings@1.2.1
533 silly lifecycle bindings@1.2.1~install: no script for install, continuing
534 silly install nan@2.6.2 C:\Users\Sine\Dropbox\Fifty50\Internet Of Things\Project\Milestone 2\node_modules\.staging\nan-110ab96a
535 info lifecycle nan@2.6.2~install: nan@2.6.2
536 silly lifecycle nan@2.6.2~install: no script for install, continuing
537 silly install epoll@0.1.22 C:\Users\Sine\Dropbox\Fifty50\Internet Of Things\Project\Milestone 2\node_modules\.staging\epoll-b9ec2dac
538 info lifecycle epoll@0.1.22~install: epoll@0.1.22
539 verbose lifecycle epoll@0.1.22~install: unsafe-perm in lifecycle true
540 verbose lifecycle epoll@0.1.22~install: PATH: C:\Program Files\nodejs\node_modules\npm\bin\node-gyp-bin;C:\Users\Sine\Dropbox\Fifty50\Internet Of Things\Project\Milestone 2\node_modules\epoll\node_modules\.bin;C:\Users\Sine\Dropbox\Fifty50\Internet Of Things\Project\Milestone 2\node_modules\.bin;C:\ProgramData\Oracle\Java\javapath;C:\Program Files (x86)\Intel\iCLS Client\;C:\Program Files\Intel\iCLS Client\;C:\WINDOWS\system32;C:\WINDOWS;C:\WINDOWS\System32\Wbem;C:\WINDOWS\System32\WindowsPowerShell\v1.0\;C:\Program Files (x86)\Windows Live\Shared;C:\Program Files\Intel\Intel(R) Management Engine Components\DAL;C:\Program Files\Intel\Intel(R) Management Engine Components\IPT;C:\Program Files (x86)\Intel\Intel(R) Management Engine Components\DAL;C:\Program Files (x86)\Intel\Intel(R) Management Engine Components\IPT;C:\Program Files (x86)\Java\jdk1.8.0_25\bin;C:\Program Files (x86)\QuickTime\QTSystem\;C:\Program Files (x86)\NVIDIA Corporation\PhysX\Common;C:\WINDOWS\system32;C:\WINDOWS;C:\WINDOWS\System32\Wbem;C:\WINDOWS\System32\WindowsPowerShell\v1.0\;C:\Program Files\Java\jre1.8.0_91\lib\ext\;C:\Program Files (x86)\GtkSharp\2.12\bin;C:\Users\Sine\Desktop\Programmer\apache-ant-1.9.7\bin;C:\Program Files\nodejs\;C:\Program Files (x86)\Skype\Phone\;C:\WINDOWS\system32\config\systemprofile\.dnx\bin;C:\Program Files\Microsoft DNX\Dnvm\;C:\Program Files\Microsoft SQL Server\130\Tools\Binn\;C:\xampp\php;C:\texlive\2014\bin\win32;C:\Users\Sine\AppData\Local\Microsoft\WindowsApps;C:\Users\Sine\AppData\Roaming\npm;
541 verbose lifecycle epoll@0.1.22~install: CWD: C:\Users\Sine\Dropbox\Fifty50\Internet Of Things\Project\Milestone 2\node_modules\epoll
542 silly lifecycle epoll@0.1.22~install: Args: [ '/d /s /c', 'node-gyp rebuild' ]
543 silly lifecycle epoll@0.1.22~install: Returned: code: 1  signal: null
544 info lifecycle epoll@0.1.22~install: Failed to exec install script
545 verbose unlock done using C:\Users\Sine\AppData\Roaming\npm-cache\_locks\staging-ed75fd18ac355045.lock for C:\Users\Sine\Dropbox\Fifty50\Internet Of Things\Project\Milestone 2\node_modules\.staging
546 silly rollbackFailedOptional Starting
547 silly rollbackFailedOptional Finishing
548 silly runTopLevelLifecycles Finishing
549 silly install printInstalled
550 warn milestone2@1.0.0 No description
551 verbose If you need help, you may report this error at:
551 verbose     <https://github.com/npm/npm/issues>
552 warn milestone2@1.0.0 No repository field.
553 verbose If you need help, you may report this error at:
553 verbose     <https://github.com/npm/npm/issues>
554 verbose stack Error: epoll@0.1.22 install: `node-gyp rebuild`
554 verbose stack Exit status 1
554 verbose stack     at EventEmitter.<anonymous> (C:\Program Files\nodejs\node_modules\npm\lib\utils\lifecycle.js:255:16)
554 verbose stack     at emitTwo (events.js:106:13)
554 verbose stack     at EventEmitter.emit (events.js:191:7)
554 verbose stack     at ChildProcess.<anonymous> (C:\Program Files\nodejs\node_modules\npm\lib\utils\spawn.js:40:14)
554 verbose stack     at emitTwo (events.js:106:13)
554 verbose stack     at ChildProcess.emit (events.js:191:7)
554 verbose stack     at maybeClose (internal/child_process.js:877:16)
554 verbose stack     at Process.ChildProcess._handle.onexit (internal/child_process.js:226:5)
555 verbose pkgid epoll@0.1.22
556 verbose cwd C:\Users\Sine\Dropbox\Fifty50\Internet Of Things\Project\Milestone 2
557 error Windows_NT 10.0.15063
558 error argv "C:\\Program Files\\nodejs\\node.exe" "C:\\Program Files\\nodejs\\node_modules\\npm\\bin\\npm-cli.js" "install" "onoff"
559 error node v6.9.1
560 error npm  v3.10.8
561 error code ELIFECYCLE
562 error epoll@0.1.22 install: `node-gyp rebuild`
562 error Exit status 1
563 error Failed at the epoll@0.1.22 install script 'node-gyp rebuild'.
563 error Make sure you have the latest version of node.js and npm installed.
563 error If you do, this is most likely a problem with the epoll package,
563 error not with npm itself.
563 error Tell the author that this fails on your system:
563 error     node-gyp rebuild
563 error You can get information on how to open an issue for this project with:
563 error     npm bugs epoll
563 error Or if that isn't available, you can get their info via:
563 error     npm owner ls epoll
563 error There is likely additional logging output above.
564 verbose exit [ 1, true ]
